#
# There is insufficient memory for the Java Runtime Environment to continue.
# Native memory allocation (malloc) failed to allocate 201456 bytes. Error detail: Chunk::new
# Possible reasons:
#   The system is out of physical RAM or swap space
#   This process is running with CompressedOops enabled, and the Java Heap may be blocking the growth of the native heap
# Possible solutions:
#   Reduce memory load on the system
#   Increase physical memory or swap space
#   Check if swap backing store is full
#   Decrease Java heap size (-Xmx/-Xms)
#   Decrease number of Java threads
#   Decrease Java thread stack sizes (-Xss)
#   Set larger code cache with -XX:ReservedCodeCacheSize=
#   JVM is running with Unscaled Compressed Oops mode in which the Java heap is
#     placed in the first 4GB address space. The Java Heap base address is the
#     maximum limit for the native heap growth. Please use -XX:HeapBaseMinAddress
#     to set the Java Heap base and to place the Java Heap above 4GB virtual address.
# This output file may be truncated or incomplete.
#
#  Out of Memory Error (arena.cpp:168), pid=17364, tid=4808
#
# JRE version: OpenJDK Runtime Environment Temurin-21.0.7+6 (21.0.7+6) (build 21.0.7+6-LTS)
# Java VM: OpenJDK 64-Bit Server VM Temurin-21.0.7+6 (21.0.7+6-LTS, mixed mode, sharing, tiered, compressed oops, compressed class ptrs, parallel gc, windows-amd64)
# No core dump will be written. Minidumps are not enabled by default on client versions of Windows
#

---------------  S U M M A R Y ------------

Command Line: --add-modules=ALL-SYSTEM --add-opens=java.base/java.util=ALL-UNNAMED --add-opens=java.base/java.lang=ALL-UNNAMED --add-opens=java.base/sun.nio.fs=ALL-UNNAMED -Declipse.application=org.eclipse.jdt.ls.core.id1 -Dosgi.bundles.defaultStartLevel=4 -Declipse.product=org.eclipse.jdt.ls.core.product -Djava.import.generatesMetadataFilesAtProjectRoot=false -DDetectVMInstallationsJob.disabled=true -Dfile.encoding=utf8 -XX:+UseParallelGC -XX:GCTimeRatio=4 -XX:AdaptiveSizePolicyWeight=90 -Dsun.zip.disableMemoryMapping=true -Xmx2G -Xms100m -Xlog:disable -javaagent:c:\Users\HP\.vscode\extensions\redhat.java-1.43.1-win32-x64\lombok\lombok-1.18.39-4050.jar c:\Users\HP\.vscode\extensions\redhat.java-1.43.1-win32-x64\server\plugins\org.eclipse.equinox.launcher_1.7.0.v20250519-0528.jar -configuration c:\Users\HP\AppData\Roaming\Code\User\globalStorage\redhat.java\1.43.1\config_ss_win -data c:\Users\HP\AppData\Roaming\Code\User\workspaceStorage\554d3a327da4ed6ebc1ef94d2ad152e2\redhat.java\ss_ws --pipe=\\.\pipe\lsp-0d9216f800aa7c86a1c51aafde593457-sock

Host: Intel(R) Core(TM) i5-8350U CPU @ 1.70GHz, 8 cores, 7G,  Windows 11 , 64 bit Build 26100 (10.0.26100.3775)
Time: Wed Jul  2 08:35:12 2025 Pacific Standard Time elapsed time: 8.849548 seconds (0d 0h 0m 8s)

---------------  T H R E A D  ---------------

Current thread (0x0000018f0a77e6d0):  JavaThread "C2 CompilerThread0" daemon [_thread_in_native, id=4808, stack(0x0000005378300000,0x0000005378400000) (1024K)]


Current CompileTask:
C2:8849 1579       4       lombok.patcher.scripts.AddFieldScript::patch (55 bytes)

Stack: [0x0000005378300000,0x0000005378400000]
Native frames: (J=compiled Java code, j=interpreted, Vv=VM code, C=native code)
V  [jvm.dll+0x6ce119]
V  [jvm.dll+0x8a84a1]
V  [jvm.dll+0x8aa9ce]
V  [jvm.dll+0x8ab0b3]
V  [jvm.dll+0x27f8a6]
V  [jvm.dll+0xc507d]
V  [jvm.dll+0xc55b3]
V  [jvm.dll+0x2f2c6d]
V  [jvm.dll+0x5f6bca]
V  [jvm.dll+0x250cb2]
V  [jvm.dll+0x24975f]
V  [jvm.dll+0x246fc4]
V  [jvm.dll+0x1c760e]
V  [jvm.dll+0x25695a]
V  [jvm.dll+0x254efa]
V  [jvm.dll+0x3f03f6]
V  [jvm.dll+0x851f6b]
V  [jvm.dll+0x6cc7dd]
C  [ucrtbase.dll+0x37b0]
C  [KERNEL32.DLL+0x2e8d7]
C  [ntdll.dll+0xb14fc]


---------------  P R O C E S S  ---------------

Threads class SMR info:
_java_thread_list=0x0000018f681a6230, length=12, elements={
0x0000018f0a7fa870, 0x0000018f0a76ad00, 0x0000018f0a770380, 0x0000018f0a772b40,
0x0000018f0a775aa0, 0x0000018f0a7764f0, 0x0000018f0a7784a0, 0x0000018f0a77e6d0,
0x0000018f63afe940, 0x0000018f0a865550, 0x0000018f63ddf480, 0x0000018f6811a550
}

Java Threads: ( => current thread )
  0x0000018f0a7fa870 JavaThread "main"                              [_thread_in_vm, id=11968, stack(0x0000005377900000,0x0000005377a00000) (1024K)]
  0x0000018f0a76ad00 JavaThread "Reference Handler"          daemon [_thread_blocked, id=7748, stack(0x0000005377d00000,0x0000005377e00000) (1024K)]
  0x0000018f0a770380 JavaThread "Finalizer"                  daemon [_thread_blocked, id=13788, stack(0x0000005377e00000,0x0000005377f00000) (1024K)]
  0x0000018f0a772b40 JavaThread "Signal Dispatcher"          daemon [_thread_blocked, id=12176, stack(0x0000005377f00000,0x0000005378000000) (1024K)]
  0x0000018f0a775aa0 JavaThread "Attach Listener"            daemon [_thread_blocked, id=5100, stack(0x0000005378000000,0x0000005378100000) (1024K)]
  0x0000018f0a7764f0 JavaThread "Service Thread"             daemon [_thread_blocked, id=8996, stack(0x0000005378100000,0x0000005378200000) (1024K)]
  0x0000018f0a7784a0 JavaThread "Monitor Deflation Thread"   daemon [_thread_blocked, id=7344, stack(0x0000005378200000,0x0000005378300000) (1024K)]
=>0x0000018f0a77e6d0 JavaThread "C2 CompilerThread0"         daemon [_thread_in_native, id=4808, stack(0x0000005378300000,0x0000005378400000) (1024K)]
  0x0000018f63afe940 JavaThread "C1 CompilerThread0"         daemon [_thread_blocked, id=16948, stack(0x0000005378400000,0x0000005378500000) (1024K)]
  0x0000018f0a865550 JavaThread "Common-Cleaner"             daemon [_thread_blocked, id=15072, stack(0x0000005378500000,0x0000005378600000) (1024K)]
  0x0000018f63ddf480 JavaThread "Notification Thread"        daemon [_thread_blocked, id=17036, stack(0x0000005378600000,0x0000005378700000) (1024K)]
  0x0000018f6811a550 JavaThread "Active Thread: Equinox Container: 19f247f9-f40f-49eb-ac72-9a920beaa60e"        [_thread_blocked, id=10816, stack(0x0000005378e00000,0x0000005378f00000) (1024K)]
Total: 12

Other Threads:
  0x0000018f0a751490 VMThread "VM Thread"                           [id=15244, stack(0x0000005377c00000,0x0000005377d00000) (1024K)]
  0x0000018f0a68ca00 WatcherThread "VM Periodic Task Thread"        [id=17356, stack(0x0000005377b00000,0x0000005377c00000) (1024K)]
  0x0000018f0a818e00 WorkerThread "GC Thread#0"                     [id=19124, stack(0x0000005377a00000,0x0000005377b00000) (1024K)]
  0x0000018f6859c400 WorkerThread "GC Thread#1"                     [id=18528, stack(0x0000005378800000,0x0000005378900000) (1024K)]
  0x0000018f6859c7a0 WorkerThread "GC Thread#2"                     [id=3640, stack(0x0000005378900000,0x0000005378a00000) (1024K)]
  0x0000018f681c2ad0 WorkerThread "GC Thread#3"                     [id=10696, stack(0x0000005378a00000,0x0000005378b00000) (1024K)]
  0x0000018f681c2e70 WorkerThread "GC Thread#4"                     [id=1772, stack(0x0000005378b00000,0x0000005378c00000) (1024K)]
  0x0000018f681c3210 WorkerThread "GC Thread#5"                     [id=20316, stack(0x0000005378c00000,0x0000005378d00000) (1024K)]
  0x0000018f681c35b0 WorkerThread "GC Thread#6"                     [id=16056, stack(0x0000005378d00000,0x0000005378e00000) (1024K)]
Total: 9

Threads with active compile tasks:
C2 CompilerThread0  8890 1579       4       lombok.patcher.scripts.AddFieldScript::patch (55 bytes)
Total: 1

VM state: not at safepoint (normal execution)

VM Mutex/Monitor currently owned by a thread:  ([mutex/lock_event])
[0x00007fff669ac308] Metaspace_lock - owner thread: 0x0000018f0a7fa870

Heap address: 0x0000000080000000, size: 2048 MB, Compressed Oops mode: 32-bit

CDS archive(s) mapped at: [0x0000018f22000000-0x0000018f22ba0000-0x0000018f22ba0000), size 12189696, SharedBaseAddress: 0x0000018f22000000, ArchiveRelocationMode: 1.
Compressed class space mapped at: 0x0000018f23000000-0x0000018f63000000, reserved size: 1073741824
Narrow klass base: 0x0000018f22000000, Narrow klass shift: 0, Narrow klass range: 0x100000000

GC Precious Log:
 CardTable entry size: 512
 CPUs: 8 total, 8 available
 Memory: 8035M
 Large Page Support: Disabled
 NUMA Support: Disabled
 Compressed Oops: Enabled (32-bit)
 Alignments: Space 512K, Generation 512K, Heap 2M
 Heap Min Capacity: 100M
 Heap Initial Capacity: 100M
 Heap Max Capacity: 2G
 Pre-touch: Disabled
 Parallel Workers: 8

Heap:
 PSYoungGen      total 29696K, used 21205K [0x00000000d5580000, 0x00000000d7680000, 0x0000000100000000)
  eden space 25600K, 69% used [0x00000000d5580000,0x00000000d66fb8f0,0x00000000d6e80000)
  from space 4096K, 80% used [0x00000000d6e80000,0x00000000d71b9c68,0x00000000d7280000)
  to   space 4096K, 0% used [0x00000000d7280000,0x00000000d7280000,0x00000000d7680000)
 ParOldGen       total 68608K, used 16K [0x0000000080000000, 0x0000000084300000, 0x00000000d5580000)
  object space 68608K, 0% used [0x0000000080000000,0x0000000080004000,0x0000000084300000)
 Metaspace       used 7138K, committed 7424K, reserved 1114112K
  class space    used 717K, committed 832K, reserved 1048576K

Card table byte_map: [0x0000018f0a1a0000,0x0000018f0a5b0000] _byte_map_base: 0x0000018f09da0000

Marking Bits: (ParMarkBitMap*) 0x00007fff669b31f0
 Begin Bits: [0x0000018f1cca0000, 0x0000018f1eca0000)
 End Bits:   [0x0000018f1eca0000, 0x0000018f20ca0000)

Polling page: 0x0000018f085c0000

Metaspace:

Usage:
  Non-class:      6.27 MB used.
      Class:    717.06 KB used.
       Both:      6.97 MB used.

Virtual space:
  Non-class space:       64.00 MB reserved,       6.44 MB ( 10%) committed,  1 nodes.
      Class space:        1.00 GB reserved,     832.00 KB ( <1%) committed,  1 nodes.
             Both:        1.06 GB reserved,       7.25 MB ( <1%) committed. 

Chunk freelists:
   Non-Class:  9.36 MB
       Class:  14.98 MB
        Both:  24.34 MB

MaxMetaspaceSize: unlimited
CompressedClassSpaceSize: 1.00 GB
Initial GC threshold: 21.00 MB
Current GC threshold: 21.00 MB
CDS: on
 - commit_granule_bytes: 65536.
 - commit_granule_words: 8192.
 - virtual_space_node_default_size: 8388608.
 - enlarge_chunks_in_place: 1.
 - use_allocation_guard: 0.


Internal statistics:

num_allocs_failed_limit: 0.
num_arena_births: 216.
num_arena_deaths: 0.
num_vsnodes_births: 2.
num_vsnodes_deaths: 0.
num_space_committed: 116.
num_space_uncommitted: 0.
num_chunks_returned_to_freelist: 0.
num_chunks_taken_from_freelist: 371.
num_chunk_merges: 0.
num_chunk_splits: 240.
num_chunks_enlarged: 160.
num_inconsistent_stats: 0.

CodeHeap 'non-profiled nmethods': size=120000Kb used=691Kb max_used=691Kb free=119308Kb
 bounds [0x0000018f154c0000, 0x0000018f15730000, 0x0000018f1c9f0000]
CodeHeap 'profiled nmethods': size=120000Kb used=2796Kb max_used=2796Kb free=117203Kb
 bounds [0x0000018f0d9f0000, 0x0000018f0dcb0000, 0x0000018f14f20000]
CodeHeap 'non-nmethods': size=5760Kb used=1212Kb max_used=1247Kb free=4547Kb
 bounds [0x0000018f14f20000, 0x0000018f15190000, 0x0000018f154c0000]
 total_blobs=2089 nmethods=1612 adapters=384
 compilation: enabled
              stopped_count=0, restarted_count=0
 full_count=0

Compilation events (20 events):
Event: 6.806 Thread 0x0000018f63afe940 nmethod 1576 0x0000018f0dc94e90 code [0x0000018f0dc95040, 0x0000018f0dc95278]
Event: 6.806 Thread 0x0000018f63afe940 1575       3       java.util.stream.ReferencePipeline::<init> (7 bytes)
Event: 6.806 Thread 0x0000018f63afe940 nmethod 1575 0x0000018f0dc95310 code [0x0000018f0dc954c0, 0x0000018f0dc955f8]
Event: 6.807 Thread 0x0000018f63afe940 1577       1       java.util.ImmutableCollections$SetN::size (5 bytes)
Event: 6.807 Thread 0x0000018f63afe940 nmethod 1577 0x0000018f1556ad10 code [0x0000018f1556aea0, 0x0000018f1556af68]
Event: 6.807 Thread 0x0000018f63afe940 1578       3       java.util.stream.Sink$ChainedReference::end (10 bytes)
Event: 6.807 Thread 0x0000018f63afe940 nmethod 1578 0x0000018f0dc95690 code [0x0000018f0dc95840, 0x0000018f0dc95a18]
Event: 6.812 Thread 0x0000018f0a77e6d0 1579       4       lombok.patcher.scripts.AddFieldScript::patch (55 bytes)
Event: 6.821 Thread 0x0000018f63afe940 1580   !   3       java.net.URLClassLoader::findClass (47 bytes)
Event: 6.822 Thread 0x0000018f63afe940 nmethod 1580 0x0000018f0dc95b10 code [0x0000018f0dc95d00, 0x0000018f0dc96350]
Event: 6.822 Thread 0x0000018f63afe940 1581       3       java.net.URLClassLoader$1::<init> (15 bytes)
Event: 6.822 Thread 0x0000018f63afe940 nmethod 1581 0x0000018f0dc96590 code [0x0000018f0dc96740, 0x0000018f0dc968d8]
Event: 6.822 Thread 0x0000018f63afe940 1582       3       java.net.URLClassLoader$1::run (5 bytes)
Event: 6.822 Thread 0x0000018f63afe940 nmethod 1582 0x0000018f0dc96990 code [0x0000018f0dc96b40, 0x0000018f0dc96c98]
Event: 6.822 Thread 0x0000018f63afe940 1583       3       org.eclipse.osgi.container.Module::getCurrentRevision (8 bytes)
Event: 6.823 Thread 0x0000018f63afe940 nmethod 1583 0x0000018f0dc96d90 code [0x0000018f0dc96f40, 0x0000018f0dc97080]
Event: 6.823 Thread 0x0000018f63afe940 1584   !   3       org.eclipse.osgi.container.ModuleRevisions::getCurrentRevision (56 bytes)
Event: 6.823 Thread 0x0000018f63afe940 nmethod 1584 0x0000018f0dc97190 code [0x0000018f0dc97380, 0x0000018f0dc97950]
Event: 6.823 Thread 0x0000018f63afe940 1585   !   3       jdk.internal.reflect.DirectConstructorHandleAccessor::newInstance (130 bytes)
Event: 8.847 Thread 0x0000018f63afe940 nmethod 1585 0x0000018f0dc97b10 code [0x0000018f0dc98000, 0x0000018f0dc9a4a0]

GC Heap History (2 events):
Event: 5.922 GC heap before
{Heap before GC invocations=1 (full 0):
 PSYoungGen      total 29696K, used 25600K [0x00000000d5580000, 0x00000000d7680000, 0x0000000100000000)
  eden space 25600K, 100% used [0x00000000d5580000,0x00000000d6e80000,0x00000000d6e80000)
  from space 4096K, 0% used [0x00000000d7280000,0x00000000d7280000,0x00000000d7680000)
  to   space 4096K, 0% used [0x00000000d6e80000,0x00000000d6e80000,0x00000000d7280000)
 ParOldGen       total 68608K, used 0K [0x0000000080000000, 0x0000000084300000, 0x00000000d5580000)
  object space 68608K, 0% used [0x0000000080000000,0x0000000080000000,0x0000000084300000)
 Metaspace       used 4337K, committed 4608K, reserved 1114112K
  class space    used 459K, committed 576K, reserved 1048576K
}
Event: 5.938 GC heap after
{Heap after GC invocations=1 (full 0):
 PSYoungGen      total 29696K, used 3303K [0x00000000d5580000, 0x00000000d7680000, 0x0000000100000000)
  eden space 25600K, 0% used [0x00000000d5580000,0x00000000d5580000,0x00000000d6e80000)
  from space 4096K, 80% used [0x00000000d6e80000,0x00000000d71b9c68,0x00000000d7280000)
  to   space 4096K, 0% used [0x00000000d7280000,0x00000000d7280000,0x00000000d7680000)
 ParOldGen       total 68608K, used 16K [0x0000000080000000, 0x0000000084300000, 0x00000000d5580000)
  object space 68608K, 0% used [0x0000000080000000,0x0000000080004000,0x0000000084300000)
 Metaspace       used 4337K, committed 4608K, reserved 1114112K
  class space    used 459K, committed 576K, reserved 1048576K
}

Dll operation events (8 events):
Event: 0.030 Loaded shared library c:\Users\HP\.vscode\extensions\redhat.java-1.43.1-win32-x64\jre\21.0.7-win32-x86_64\bin\java.dll
Event: 0.263 Loaded shared library c:\Users\HP\.vscode\extensions\redhat.java-1.43.1-win32-x64\jre\21.0.7-win32-x86_64\bin\zip.dll
Event: 0.316 Loaded shared library C:\Users\HP\.vscode\extensions\redhat.java-1.43.1-win32-x64\jre\21.0.7-win32-x86_64\bin\instrument.dll
Event: 0.327 Loaded shared library C:\Users\HP\.vscode\extensions\redhat.java-1.43.1-win32-x64\jre\21.0.7-win32-x86_64\bin\net.dll
Event: 0.335 Loaded shared library C:\Users\HP\.vscode\extensions\redhat.java-1.43.1-win32-x64\jre\21.0.7-win32-x86_64\bin\nio.dll
Event: 0.346 Loaded shared library C:\Users\HP\.vscode\extensions\redhat.java-1.43.1-win32-x64\jre\21.0.7-win32-x86_64\bin\zip.dll
Event: 0.405 Loaded shared library C:\Users\HP\.vscode\extensions\redhat.java-1.43.1-win32-x64\jre\21.0.7-win32-x86_64\bin\jimage.dll
Event: 0.632 Loaded shared library c:\Users\HP\.vscode\extensions\redhat.java-1.43.1-win32-x64\jre\21.0.7-win32-x86_64\bin\verify.dll

Deoptimization events (20 events):
Event: 6.504 Thread 0x0000018f0a7fa870 DEOPT PACKING pc=0x0000018f0da91e8d sp=0x00000053779f3d60
Event: 6.504 Thread 0x0000018f0a7fa870 DEOPT UNPACKING pc=0x0000018f14f74242 sp=0x00000053779f3210 mode 0
Event: 6.520 Thread 0x0000018f0a7fa870 DEOPT PACKING pc=0x0000018f0da91e8d sp=0x00000053779f7700
Event: 6.520 Thread 0x0000018f0a7fa870 DEOPT UNPACKING pc=0x0000018f14f74242 sp=0x00000053779f6bb0 mode 0
Event: 6.525 Thread 0x0000018f0a7fa870 Uncommon trap: trap_request=0xffffffc6 fr.pc=0x0000018f15501984 relative=0x00000000000002c4
Event: 6.525 Thread 0x0000018f0a7fa870 Uncommon trap: reason=bimorphic_or_optimized_type_check action=maybe_recompile pc=0x0000018f15501984 method=java.util.Collections$UnmodifiableCollection$1.next()Ljava/lang/Object; @ 4 c2
Event: 6.525 Thread 0x0000018f0a7fa870 DEOPT PACKING pc=0x0000018f15501984 sp=0x00000053779f82f0
Event: 6.525 Thread 0x0000018f0a7fa870 DEOPT UNPACKING pc=0x0000018f14f73aa2 sp=0x00000053779f82a0 mode 2
Event: 6.525 Thread 0x0000018f0a7fa870 Uncommon trap: trap_request=0xffffffc6 fr.pc=0x0000018f15501984 relative=0x00000000000002c4
Event: 6.525 Thread 0x0000018f0a7fa870 Uncommon trap: reason=bimorphic_or_optimized_type_check action=maybe_recompile pc=0x0000018f15501984 method=java.util.Collections$UnmodifiableCollection$1.next()Ljava/lang/Object; @ 4 c2
Event: 6.525 Thread 0x0000018f0a7fa870 DEOPT PACKING pc=0x0000018f15501984 sp=0x00000053779f82f0
Event: 6.525 Thread 0x0000018f0a7fa870 DEOPT UNPACKING pc=0x0000018f14f73aa2 sp=0x00000053779f82a0 mode 2
Event: 6.747 Thread 0x0000018f0a7fa870 Uncommon trap: trap_request=0xffffff45 fr.pc=0x0000018f15546d50 relative=0x00000000000000b0
Event: 6.747 Thread 0x0000018f0a7fa870 Uncommon trap: reason=unstable_if action=reinterpret pc=0x0000018f15546d50 method=java.util.concurrent.locks.ReentrantLock$NonfairSync.initialTryLock()Z @ 10 c2
Event: 6.747 Thread 0x0000018f0a7fa870 DEOPT PACKING pc=0x0000018f15546d50 sp=0x00000053779fe7a0
Event: 6.747 Thread 0x0000018f0a7fa870 DEOPT UNPACKING pc=0x0000018f14f73aa2 sp=0x00000053779fe730 mode 2
Event: 6.748 Thread 0x0000018f0a7fa870 Uncommon trap: trap_request=0xffffff45 fr.pc=0x0000018f15542734 relative=0x0000000000000094
Event: 6.748 Thread 0x0000018f0a7fa870 Uncommon trap: reason=unstable_if action=reinterpret pc=0x0000018f15542734 method=java.util.concurrent.locks.ReentrantLock$Sync.tryRelease(I)Z @ 26 c2
Event: 6.748 Thread 0x0000018f0a7fa870 DEOPT PACKING pc=0x0000018f15542734 sp=0x00000053779fe870
Event: 6.748 Thread 0x0000018f0a7fa870 DEOPT UNPACKING pc=0x0000018f14f73aa2 sp=0x00000053779fe7f0 mode 2

Classes loaded (20 events):
Event: 6.811 Loading class java/util/concurrent/ScheduledThreadPoolExecutor$DelayedWorkQueue
Event: 6.812 Loading class java/util/concurrent/ScheduledThreadPoolExecutor$DelayedWorkQueue done
Event: 6.812 Loading class java/util/concurrent/RunnableScheduledFuture
Event: 6.812 Loading class java/util/concurrent/RunnableFuture
Event: 6.813 Loading class java/util/concurrent/RunnableFuture done
Event: 6.813 Loading class java/util/concurrent/ScheduledFuture
Event: 6.813 Loading class java/util/concurrent/Delayed
Event: 6.814 Loading class java/util/concurrent/Delayed done
Event: 6.814 Loading class java/util/concurrent/ScheduledFuture done
Event: 6.814 Loading class java/util/concurrent/RunnableScheduledFuture done
Event: 6.817 Loading class java/util/concurrent/ScheduledThreadPoolExecutor$ScheduledFutureTask
Event: 6.817 Loading class java/util/concurrent/FutureTask
Event: 6.817 Loading class java/util/concurrent/FutureTask done
Event: 6.817 Loading class java/util/concurrent/ScheduledThreadPoolExecutor$ScheduledFutureTask done
Event: 6.818 Loading class java/util/concurrent/FutureTask$WaitNode
Event: 6.818 Loading class java/util/concurrent/FutureTask$WaitNode done
Event: 6.818 Loading class java/util/concurrent/Executors$RunnableAdapter
Event: 6.818 Loading class java/util/concurrent/Executors$RunnableAdapter done
Event: 6.818 Loading class java/util/concurrent/ThreadPoolExecutor$Worker
Event: 6.819 Loading class java/util/concurrent/ThreadPoolExecutor$Worker done

Classes unloaded (0 events):
No events

Classes redefined (0 events):
No events

Internal exceptions (20 events):
Event: 4.324 Thread 0x0000018f0a7fa870 Exception <a 'java/lang/NoSuchMethodError'{0x00000000d652c378}: 'java.lang.Object java.lang.invoke.DirectMethodHandle$Holder.invokeInterface(java.lang.Object, java.lang.Object)'> (0x00000000d652c378) 
thrown [s\src\hotspot\share\interpreter\linkResolver.cpp, line 773]
Event: 4.338 Thread 0x0000018f0a7fa870 Exception <a 'java/lang/NoSuchMethodError'{0x00000000d653fc30}: 'java.lang.Object java.lang.invoke.Invokers$Holder.invokeExact_MT(java.lang.Object, java.lang.Object, java.lang.Object, java.lang.Object, java.lang.Object, java.lang.Object)'> (0x00000000d653fc30) 
thrown [s\src\hotspot\share\interpreter\linkResolver.cpp, line 773]
Event: 4.347 Thread 0x0000018f0a7fa870 Exception <a 'java/lang/NoSuchMethodError'{0x00000000d6556e88}: 'int java.lang.invoke.DirectMethodHandle$Holder.invokeStatic(java.lang.Object, java.lang.Object, java.lang.Object, java.lang.Object, java.lang.Object)'> (0x00000000d6556e88) 
thrown [s\src\hotspot\share\interpreter\linkResolver.cpp, line 773]
Event: 4.425 Thread 0x0000018f0a7fa870 Exception <a 'java/lang/NoSuchMethodError'{0x00000000d65ea800}: 'java.lang.Object java.lang.invoke.DirectMethodHandle$Holder.invokeInterface(java.lang.Object, java.lang.Object, int)'> (0x00000000d65ea800) 
thrown [s\src\hotspot\share\interpreter\linkResolver.cpp, line 773]
Event: 5.696 Thread 0x0000018f0a7fa870 Exception <a 'java/lang/NoSuchMethodError'{0x00000000d6a63670}: 'java.lang.ClassLoader java.lang.ClassLoader.getPlatformClassLoader(java.lang.Class)'> (0x00000000d6a63670) 
thrown [s\src\hotspot\share\interpreter\linkResolver.cpp, line 773]
Event: 5.917 Thread 0x0000018f0a7fa870 Exception <a 'java/lang/ClassNotFoundException'{0x00000000d6e7be60}: sun/net/www/protocol/c/Handler> (0x00000000d6e7be60) 
thrown [s\src\hotspot\share\classfile\systemDictionary.cpp, line 312]
Event: 5.918 Thread 0x0000018f0a7fa870 Exception <a 'java/lang/ClassNotFoundException'{0x00000000d6e7d290}: sun/net/www/protocol/c/Handler> (0x00000000d6e7d290) 
thrown [s\src\hotspot\share\classfile\systemDictionary.cpp, line 312]
Event: 5.919 Thread 0x0000018f0a7fa870 Exception <a 'java/lang/ClassNotFoundException'{0x00000000d6e7e588}: sun/net/www/protocol/c/Handler> (0x00000000d6e7e588) 
thrown [s\src\hotspot\share\classfile\systemDictionary.cpp, line 312]
Event: 5.955 Thread 0x0000018f0a7fa870 Exception <a 'java/io/FileNotFoundException'{0x00000000d55a3038}> (0x00000000d55a3038) 
thrown [s\src\hotspot\share\prims\jni.cpp, line 520]
Event: 6.078 Thread 0x0000018f0a7fa870 Implicit null exception at 0x0000018f155238e6 to 0x0000018f15523992
Event: 6.078 Thread 0x0000018f0a7fa870 Implicit null exception at 0x0000018f155339a0 to 0x0000018f15533bc0
Event: 6.081 Thread 0x0000018f0a7fa870 Exception <a 'java/lang/NoSuchMethodError'{0x00000000d578df68}: 'void java.lang.invoke.DirectMethodHandle$Holder.invokeStatic(java.lang.Object, java.lang.Object, java.lang.Object, java.lang.Object)'> (0x00000000d578df68) 
thrown [s\src\hotspot\share\interpreter\linkResolver.cpp, line 773]
Event: 6.084 Thread 0x0000018f0a7fa870 Implicit null exception at 0x0000018f1552cb20 to 0x0000018f1552cd3c
Event: 6.085 Thread 0x0000018f0a7fa870 Implicit null exception at 0x0000018f15534040 to 0x0000018f155340c5
Event: 6.247 Thread 0x0000018f0a7fa870 Exception <a 'java/lang/NoSuchMethodError'{0x00000000d5a026b0}: 'void java.lang.invoke.DirectMethodHandle$Holder.invokeSpecial(java.lang.Object, java.lang.Object, java.lang.Object)'> (0x00000000d5a026b0) 
thrown [s\src\hotspot\share\interpreter\linkResolver.cpp, line 773]
Event: 6.692 Thread 0x0000018f0a7fa870 Exception <a 'java/lang/NoSuchMethodError'{0x00000000d62af318}: 'int java.lang.invoke.DirectMethodHandle$Holder.invokeVirtual(java.lang.Object, java.lang.Object)'> (0x00000000d62af318) 
thrown [s\src\hotspot\share\interpreter\linkResolver.cpp, line 773]
Event: 6.782 Thread 0x0000018f0a7fa870 Exception <a 'java/lang/NoSuchMethodError'{0x00000000d64223f0}: 'int java.lang.invoke.DirectMethodHandle$Holder.invokeStaticInit(java.lang.Object, java.lang.Object, java.lang.Object, java.lang.Object)'> (0x00000000d64223f0) 
thrown [s\src\hotspot\share\interpreter\linkResolver.cpp, line 773]
Event: 6.785 Thread 0x0000018f0a7fa870 Exception <a 'java/lang/IncompatibleClassChangeError'{0x00000000d642a878}: Found class java.lang.Object, but interface was expected> (0x00000000d642a878) 
thrown [s\src\hotspot\share\interpreter\linkResolver.cpp, line 840]
Event: 6.786 Thread 0x0000018f0a7fa870 Exception <a 'java/lang/NoSuchMethodError'{0x00000000d6430e88}: 'void java.lang.invoke.DirectMethodHandle$Holder.invokeStaticInit(java.lang.Object, java.lang.Object)'> (0x00000000d6430e88) 
thrown [s\src\hotspot\share\interpreter\linkResolver.cpp, line 773]
Event: 6.789 Thread 0x0000018f0a7fa870 Exception <a 'java/lang/NoSuchMethodError'{0x00000000d643a540}: 'int java.lang.invoke.DirectMethodHandle$Holder.invokeStaticInit(java.lang.Object, java.lang.Object)'> (0x00000000d643a540) 
thrown [s\src\hotspot\share\interpreter\linkResolver.cpp, line 773]

ZGC Phase Switch (0 events):
No events

VM Operations (20 events):
Event: 0.259 Executing VM operation: HandshakeAllThreads (Deoptimize) done
Event: 0.455 Executing VM operation: HandshakeAllThreads (Deoptimize)
Event: 0.455 Executing VM operation: HandshakeAllThreads (Deoptimize) done
Event: 1.457 Executing VM operation: Cleanup
Event: 1.457 Executing VM operation: Cleanup done
Event: 1.958 Executing VM operation: HandshakeAllThreads (Deoptimize)
Event: 1.958 Executing VM operation: HandshakeAllThreads (Deoptimize) done
Event: 2.970 Executing VM operation: Cleanup
Event: 2.986 Executing VM operation: Cleanup done
Event: 4.055 Executing VM operation: HandshakeAllThreads (Deoptimize)
Event: 4.055 Executing VM operation: HandshakeAllThreads (Deoptimize) done
Event: 5.057 Executing VM operation: Cleanup
Event: 5.058 Executing VM operation: Cleanup done
Event: 5.855 Executing VM operation: HandshakeAllThreads (Deoptimize)
Event: 5.855 Executing VM operation: HandshakeAllThreads (Deoptimize) done
Event: 5.922 Executing VM operation: ParallelGCFailedAllocation (Allocation Failure)
Event: 5.938 Executing VM operation: ParallelGCFailedAllocation (Allocation Failure) done
Event: 6.014 Executing VM operation: HandshakeAllThreads (Deoptimize)
Event: 6.014 Executing VM operation: HandshakeAllThreads (Deoptimize) done
Event: 7.025 Executing VM operation: Cleanup

Memory protections (0 events):
No events

Nmethod flushes (0 events):
No events

Events (20 events):
Event: 0.135 Thread 0x0000018f0a7fa870 Thread added: 0x0000018f0a76ad00
Event: 0.137 Thread 0x0000018f0a7fa870 Thread added: 0x0000018f0a770380
Event: 0.138 Thread 0x0000018f0a7fa870 Thread added: 0x0000018f0a772b40
Event: 0.138 Thread 0x0000018f0a7fa870 Thread added: 0x0000018f0a775aa0
Event: 0.138 Thread 0x0000018f0a7fa870 Thread added: 0x0000018f0a7764f0
Event: 0.139 Thread 0x0000018f0a7fa870 Thread added: 0x0000018f0a7784a0
Event: 0.139 Thread 0x0000018f0a7fa870 Thread added: 0x0000018f0a77e6d0
Event: 0.142 Thread 0x0000018f0a7fa870 Thread added: 0x0000018f63afe940
Event: 0.225 Thread 0x0000018f0a7fa870 Thread added: 0x0000018f0a865550
Event: 0.286 Thread 0x0000018f63afe940 Thread added: 0x0000018f63bcd920
Event: 0.932 Thread 0x0000018f63bcd920 Thread exited: 0x0000018f63bcd920
Event: 1.071 Thread 0x0000018f0a7fa870 Thread added: 0x0000018f63ddf480
Event: 1.468 Thread 0x0000018f63afe940 Thread added: 0x0000018f68022610
Event: 2.987 Thread 0x0000018f63afe940 Thread added: 0x0000018f6811ae40
Event: 4.321 Thread 0x0000018f6811ae40 Thread exited: 0x0000018f6811ae40
Event: 4.462 Thread 0x0000018f68022610 Thread exited: 0x0000018f68022610
Event: 5.603 Thread 0x0000018f63afe940 Thread added: 0x0000018f680524f0
Event: 5.955 Thread 0x0000018f680524f0 Thread exited: 0x0000018f680524f0
Event: 6.350 Thread 0x0000018f63afe940 Thread added: 0x0000018f6815a130
Event: 6.819 Thread 0x0000018f0a7fa870 Thread added: 0x0000018f6811a550


Dynamic libraries:
0x00007ff7f8480000 - 0x00007ff7f848e000 	c:\Users\HP\.vscode\extensions\redhat.java-1.43.1-win32-x64\jre\21.0.7-win32-x86_64\bin\java.exe
0x00007fffd7ce0000 - 0x00007fffd7f40000 	C:\WINDOWS\SYSTEM32\ntdll.dll
0x00007fffd6b20000 - 0x00007fffd6be7000 	C:\WINDOWS\System32\KERNEL32.DLL
0x00007fffd4f50000 - 0x00007fffd531a000 	C:\WINDOWS\System32\KERNELBASE.dll
0x00007fffd5410000 - 0x00007fffd555b000 	C:\WINDOWS\System32\ucrtbase.dll
0x00007fff9fa10000 - 0x00007fff9fa28000 	c:\Users\HP\.vscode\extensions\redhat.java-1.43.1-win32-x64\jre\21.0.7-win32-x86_64\bin\jli.dll
0x00007fffd6900000 - 0x00007fffd6acc000 	C:\WINDOWS\System32\USER32.dll
0x00007fffd53e0000 - 0x00007fffd5407000 	C:\WINDOWS\System32\win32u.dll
0x00007fffd6730000 - 0x00007fffd675a000 	C:\WINDOWS\System32\GDI32.dll
0x00007fffd59a0000 - 0x00007fffd5ad1000 	C:\WINDOWS\System32\gdi32full.dll
0x00007fffd5600000 - 0x00007fffd56a3000 	C:\WINDOWS\System32\msvcp_win.dll
0x00007fffa2a00000 - 0x00007fffa2a1e000 	c:\Users\HP\.vscode\extensions\redhat.java-1.43.1-win32-x64\jre\21.0.7-win32-x86_64\bin\VCRUNTIME140.dll
0x00007fffbef50000 - 0x00007fffbf1e7000 	C:\WINDOWS\WinSxS\amd64_microsoft.windows.common-controls_6595b64144ccf1df_6.0.26100.3624_none_3e086962e3345f24\COMCTL32.dll
0x00007fffd7930000 - 0x00007fffd79d9000 	C:\WINDOWS\System32\msvcrt.dll
0x00007fffd5ae0000 - 0x00007fffd5b0f000 	C:\WINDOWS\System32\IMM32.DLL
0x00007fffca4e0000 - 0x00007fffca4ec000 	c:\Users\HP\.vscode\extensions\redhat.java-1.43.1-win32-x64\jre\21.0.7-win32-x86_64\bin\vcruntime140_1.dll
0x00007fff811a0000 - 0x00007fff8122d000 	c:\Users\HP\.vscode\extensions\redhat.java-1.43.1-win32-x64\jre\21.0.7-win32-x86_64\bin\msvcp140.dll
0x00007fff65d00000 - 0x00007fff66a90000 	c:\Users\HP\.vscode\extensions\redhat.java-1.43.1-win32-x64\jre\21.0.7-win32-x86_64\bin\server\jvm.dll
0x00007fffd7870000 - 0x00007fffd7922000 	C:\WINDOWS\System32\ADVAPI32.dll
0x00007fffd79e0000 - 0x00007fffd7a86000 	C:\WINDOWS\System32\sechost.dll
0x00007fffd6270000 - 0x00007fffd6386000 	C:\WINDOWS\System32\RPCRT4.dll
0x00007fffd5fb0000 - 0x00007fffd6024000 	C:\WINDOWS\System32\WS2_32.dll
0x00007fffc8b50000 - 0x00007fffc8b86000 	C:\WINDOWS\SYSTEM32\WINMM.dll
0x00007fffd3b50000 - 0x00007fffd3bae000 	C:\WINDOWS\SYSTEM32\POWRPROF.dll
0x00007fffc28f0000 - 0x00007fffc28fb000 	C:\WINDOWS\SYSTEM32\VERSION.dll
0x00007fffd3b30000 - 0x00007fffd3b44000 	C:\WINDOWS\SYSTEM32\UMPDC.dll
0x00007fffd3df0000 - 0x00007fffd3e0a000 	C:\WINDOWS\SYSTEM32\kernel.appcore.dll
0x00007fffb69c0000 - 0x00007fffb69ca000 	c:\Users\HP\.vscode\extensions\redhat.java-1.43.1-win32-x64\jre\21.0.7-win32-x86_64\bin\jimage.dll
0x00007fffd2890000 - 0x00007fffd2ad1000 	C:\WINDOWS\SYSTEM32\DBGHELP.DLL
0x00007fffd6390000 - 0x00007fffd6712000 	C:\WINDOWS\System32\combase.dll
0x00007fffd7b20000 - 0x00007fffd7bf6000 	C:\WINDOWS\System32\OLEAUT32.dll
0x00007fff81800000 - 0x00007fff81839000 	C:\WINDOWS\SYSTEM32\dbgcore.DLL
0x00007fffd5560000 - 0x00007fffd55f9000 	C:\WINDOWS\System32\bcryptPrimitives.dll
0x00007fffb6990000 - 0x00007fffb699f000 	c:\Users\HP\.vscode\extensions\redhat.java-1.43.1-win32-x64\jre\21.0.7-win32-x86_64\bin\instrument.dll
0x00007fff859a0000 - 0x00007fff859bf000 	c:\Users\HP\.vscode\extensions\redhat.java-1.43.1-win32-x64\jre\21.0.7-win32-x86_64\bin\java.dll
0x00007fffd6f50000 - 0x00007fffd7679000 	C:\WINDOWS\System32\SHELL32.dll
0x00007fffd56b0000 - 0x00007fffd5818000 	C:\WINDOWS\System32\wintypes.dll
0x00007fffd2bc0000 - 0x00007fffd3412000 	C:\WINDOWS\SYSTEM32\windows.storage.dll
0x00007fffd6760000 - 0x00007fffd684d000 	C:\WINDOWS\System32\SHCORE.dll
0x00007fffd7c00000 - 0x00007fffd7c64000 	C:\WINDOWS\System32\shlwapi.dll
0x00007fffd4dd0000 - 0x00007fffd4dff000 	C:\WINDOWS\SYSTEM32\profapi.dll
0x00007fff858c0000 - 0x00007fff858d8000 	c:\Users\HP\.vscode\extensions\redhat.java-1.43.1-win32-x64\jre\21.0.7-win32-x86_64\bin\zip.dll
0x00007fffb6640000 - 0x00007fffb6650000 	C:\Users\HP\.vscode\extensions\redhat.java-1.43.1-win32-x64\jre\21.0.7-win32-x86_64\bin\net.dll
0x00007fffc7530000 - 0x00007fffc764d000 	C:\WINDOWS\SYSTEM32\WINHTTP.dll
0x00007fffd4310000 - 0x00007fffd437a000 	C:\WINDOWS\system32\mswsock.dll
0x00007fff83e60000 - 0x00007fff83e76000 	C:\Users\HP\.vscode\extensions\redhat.java-1.43.1-win32-x64\jre\21.0.7-win32-x86_64\bin\nio.dll
0x00007fffb6610000 - 0x00007fffb6620000 	c:\Users\HP\.vscode\extensions\redhat.java-1.43.1-win32-x64\jre\21.0.7-win32-x86_64\bin\verify.dll

dbghelp: loaded successfully - version: 4.0.5 - missing functions: none
symbol engine: initialized successfully - sym options: 0x614 - pdb path: .;c:\Users\HP\.vscode\extensions\redhat.java-1.43.1-win32-x64\jre\21.0.7-win32-x86_64\bin;C:\WINDOWS\SYSTEM32;C:\WINDOWS\WinSxS\amd64_microsoft.windows.common-controls_6595b64144ccf1df_6.0.26100.3624_none_3e086962e3345f24;c:\Users\HP\.vscode\extensions\redhat.java-1.43.1-win32-x64\jre\21.0.7-win32-x86_64\bin\server

VM Arguments:
jvm_args: --add-modules=ALL-SYSTEM --add-opens=java.base/java.util=ALL-UNNAMED --add-opens=java.base/java.lang=ALL-UNNAMED --add-opens=java.base/sun.nio.fs=ALL-UNNAMED -Declipse.application=org.eclipse.jdt.ls.core.id1 -Dosgi.bundles.defaultStartLevel=4 -Declipse.product=org.eclipse.jdt.ls.core.product -Djava.import.generatesMetadataFilesAtProjectRoot=false -DDetectVMInstallationsJob.disabled=true -Dfile.encoding=utf8 -XX:+UseParallelGC -XX:GCTimeRatio=4 -XX:AdaptiveSizePolicyWeight=90 -Dsun.zip.disableMemoryMapping=true -Xmx2G -Xms100m -Xlog:disable -javaagent:c:\Users\HP\.vscode\extensions\redhat.java-1.43.1-win32-x64\lombok\lombok-1.18.39-4050.jar 
java_command: c:\Users\HP\.vscode\extensions\redhat.java-1.43.1-win32-x64\server\plugins\org.eclipse.equinox.launcher_1.7.0.v20250519-0528.jar -configuration c:\Users\HP\AppData\Roaming\Code\User\globalStorage\redhat.java\1.43.1\config_ss_win -data c:\Users\HP\AppData\Roaming\Code\User\workspaceStorage\554d3a327da4ed6ebc1ef94d2ad152e2\redhat.java\ss_ws --pipe=\\.\pipe\lsp-0d9216f800aa7c86a1c51aafde593457-sock
java_class_path (initial): c:\Users\HP\.vscode\extensions\redhat.java-1.43.1-win32-x64\server\plugins\org.eclipse.equinox.launcher_1.7.0.v20250519-0528.jar
Launcher Type: SUN_STANDARD

[Global flags]
    uintx AdaptiveSizePolicyWeight                 = 90                                        {product} {command line}
     intx CICompilerCount                          = 4                                         {product} {ergonomic}
    uintx GCTimeRatio                              = 4                                         {product} {command line}
   size_t InitialHeapSize                          = 104857600                                 {product} {command line}
   size_t MaxHeapSize                              = 2147483648                                {product} {command line}
   size_t MaxNewSize                               = 715653120                                 {product} {ergonomic}
   size_t MinHeapDeltaBytes                        = 524288                                    {product} {ergonomic}
   size_t MinHeapSize                              = 104857600                                 {product} {command line}
   size_t NewSize                                  = 34603008                                  {product} {ergonomic}
    uintx NonNMethodCodeHeapSize                   = 5839372                                {pd product} {ergonomic}
    uintx NonProfiledCodeHeapSize                  = 122909434                              {pd product} {ergonomic}
   size_t OldSize                                  = 70254592                                  {product} {ergonomic}
    uintx ProfiledCodeHeapSize                     = 122909434                              {pd product} {ergonomic}
    uintx ReservedCodeCacheSize                    = 251658240                              {pd product} {ergonomic}
     bool SegmentedCodeCache                       = true                                      {product} {ergonomic}
   size_t SoftMaxHeapSize                          = 2147483648                             {manageable} {ergonomic}
     bool UseCompressedOops                        = true                           {product lp64_product} {ergonomic}
     bool UseLargePagesIndividualAllocation        = false                                  {pd product} {ergonomic}
     bool UseParallelGC                            = true                                      {product} {command line}

Logging:
Log output configuration:
 #0: stdout all=off uptime,level,tags foldmultilines=false
 #1: stderr all=off uptime,level,tags foldmultilines=false

Environment Variables:
PATH=C:\Program Files\Common Files\Oracle\Java\javapath;C:\WINDOWS\system32;C:\WINDOWS;C:\WINDOWS\System32\Wbem;C:\WINDOWS\System32\WindowsPowerShell\v1.0\;C:\WINDOWS\System32\OpenSSH\;C:\Program Files\Java\jdk-23\bin;C:\Program Files\MySQL\MySQL Server 8.0\bin;C:\MinGW\bin;C:\Program Files\Git\cmd;C:\Program Files\openjfx-24.0.1_windows-x64_bin-sdk\javafx-sdk-24.0.1\bin;C:\Program Files\nodejs\;C:\Program Files\php-8.4.8-Win32-vs17-x64;C:\xampp;C:\Users\HP\AppData\Local\Programs\Python\Launcher\;C:\Program Files\MySQL\MySQL Shell 8.0\bin\;C:\Users\HP\AppData\Local\Microsoft\WindowsApps;C:\Users\HP\AppData\Local\Programs\Microsoft VS Code\bin;C:\Users\HP\AppData\Local\GitHubDesktop\bin;C:\Users\HP\AppData\Local\Programs\cursor\resources\app\bin;C:\Users\HP\AppData\Roaming\npm
USERNAME=HP
OS=Windows_NT
PROCESSOR_IDENTIFIER=Intel64 Family 6 Model 142 Stepping 10, GenuineIntel
TMP=C:\Users\HP\AppData\Local\Temp
TEMP=C:\Users\HP\AppData\Local\Temp




Periodic native trim disabled

---------------  S Y S T E M  ---------------

OS:
 Windows 11 , 64 bit Build 26100 (10.0.26100.3775)
OS uptime: 1 days 9:27 hours

CPU: total 8 (initial active 8) (4 cores per cpu, 2 threads per core) family 6 model 142 stepping 10 microcode 0xf6, cx8, cmov, fxsr, ht, mmx, 3dnowpref, sse, sse2, sse3, ssse3, sse4.1, sse4.2, popcnt, lzcnt, tsc, tscinvbit, avx, avx2, aes, erms, clmul, bmi1, bmi2, rtm, adx, fma, vzeroupper, clflush, clflushopt, rdtscp, f16c
Processor Information for the first 8 processors :
  Max Mhz: 1896, Current Mhz: 1696, Mhz Limit: 1687

Memory: 4k page, system-wide physical 8035M (493M free)
TotalPageFile size 12131M (AvailPageFile size 0M)
current process WorkingSet (physical memory assigned to process): 88M, peak: 88M
current process commit charge ("private bytes"): 239M, peak: 241M

vm_info: OpenJDK 64-Bit Server VM (21.0.7+6-LTS) for windows-amd64 JRE (21.0.7+6-LTS), built on 2025-04-15T00:00:00Z by "admin" with MS VC++ 17.7 (VS2022)

END.
